
An unexpected exception has been detected in native code outside the VM.
Unexpected Signal : EXCEPTION_ACCESS_VIOLATION (0xc0000005) occurred at PC=0x203D2030
Function=[Unknown.]
Library=(N/A)

NOTE: We are unable to locate the function name symbol for the error
      just occurred. Please refer to release documentation for possible
      reason and solutions.


Current Java thread:
	at metaware.dbg.swing.mdi.main.cnative.processCommand(Native Method)
	at metaware.dbg.swing.mdi.main.cnative.send_string(cnative.java:186)
	at com.arc.mw.dbg.engine.connection.EngineConnection$CNativeCommand.doit(EngineConnectionFactory.java:319)
	at com.arc.mw.dbg.engine.AbstractCommand.invoke(AbstractCommand.java:75)
	at com.arc.mw.dbg.engine.connection.EngineConnection.runCommand(EngineConnectionFactory.java:260)
	at com.arc.mw.dbg.engine.connection.CommandQueueThread.doCommand(CommandQueueThread.java:250)
	at com.arc.mw.dbg.engine.connection.CommandQueueThread.run(CommandQueueThread.java:384)

Dynamic libraries:
0x00400000 - 0x00406000 	C:\ARC\java\j2re1.4.2_03i\bin\java.exe
0x77F80000 - 0x77FFC000 	C:\WINNT\system32\ntdll.dll
0x7C2D0000 - 0x7C335000 	C:\WINNT\system32\ADVAPI32.dll
0x7C570000 - 0x7C624000 	C:\WINNT\system32\KERNEL32.dll
0x77D30000 - 0x77D9F000 	C:\WINNT\system32\RPCRT4.dll
0x78000000 - 0x78045000 	C:\WINNT\system32\MSVCRT.dll
0x08000000 - 0x08138000 	C:\ARC\java\j2re1.4.2_03i\bin\client\jvm.dll
0x77E10000 - 0x77E79000 	C:\WINNT\system32\USER32.dll
0x77F40000 - 0x77F7C000 	C:\WINNT\system32\GDI32.dll
0x77570000 - 0x775A0000 	C:\WINNT\system32\WINMM.dll
0x10000000 - 0x10007000 	C:\ARC\java\j2re1.4.2_03i\bin\hpi.dll
0x007C0000 - 0x007CE000 	C:\ARC\java\j2re1.4.2_03i\bin\verify.dll
0x007D0000 - 0x007E9000 	C:\ARC\java\j2re1.4.2_03i\bin\java.dll
0x007F0000 - 0x007FD000 	C:\ARC\java\j2re1.4.2_03i\bin\zip.dll
0x02F50000 - 0x0305F000 	C:\ARC\java\j2re1.4.2_03i\bin\awt.dll
0x77800000 - 0x7781E000 	C:\WINNT\system32\WINSPOOL.DRV
0x76620000 - 0x76631000 	C:\WINNT\system32\MPR.DLL
0x75E60000 - 0x75E7A000 	C:\WINNT\system32\IMM32.dll
0x7CE20000 - 0x7CF0F000 	C:\WINNT\system32\ole32.dll
0x03080000 - 0x030D0000 	C:\ARC\java\j2re1.4.2_03i\bin\fontmanager.dll
0x60000000 - 0x60047000 	C:\WINNT\system32\MSCTF.dll
0x03330000 - 0x03345000 	C:\ARC\MetaWare\hcarm\bin\jtag_bb.dll
0x779B0000 - 0x77A4B000 	C:\WINNT\system32\oleaut32.dll
0x03860000 - 0x04317000 	C:\ARC\MetaWare\hcarm\bin\template.dll
0x04430000 - 0x0445D000 	C:\ARC\MetaWare\hcarm\bin\wigglers.dll
0x04560000 - 0x0456B000 	C:\ARC\MetaWare\hcarm\bin\gportio.dll
0x04580000 - 0x048E5000 	C:\ARC\MetaWare\hcarm\bin\crout.dll
0x75050000 - 0x75058000 	C:\WINNT\system32\WSOCK32.dll
0x75030000 - 0x75044000 	C:\WINNT\system32\WS2_32.DLL
0x75020000 - 0x75028000 	C:\WINNT\system32\WS2HELP.DLL
0x7CF30000 - 0x7D176000 	C:\WINNT\system32\SHELL32.dll
0x70A70000 - 0x70AD6000 	C:\WINNT\system32\SHLWAPI.dll
0x71710000 - 0x71794000 	C:\WINNT\system32\COMCTL32.dll
0x06C90000 - 0x06D92000 	C:\ARC\MetaWare\hcarm\bin\flex.dll
0x76B30000 - 0x76B6E000 	C:\WINNT\system32\comdlg32.dll
0x7CDC0000 - 0x7CE10000 	C:\WINNT\system32\NETAPI32.dll
0x7C340000 - 0x7C34F000 	C:\WINNT\system32\Secur32.dll
0x77BF0000 - 0x77C01000 	C:\WINNT\system32\NTDSAPI.dll
0x77980000 - 0x779A4000 	C:\WINNT\system32\DNSAPI.DLL
0x77950000 - 0x7797B000 	C:\WINNT\system32\WLDAP32.DLL
0x751C0000 - 0x751C6000 	C:\WINNT\system32\NETRAP.dll
0x75150000 - 0x75160000 	C:\WINNT\system32\SAMLIB.dll
0x77340000 - 0x77353000 	C:\WINNT\system32\iphlpapi.dll
0x77520000 - 0x77525000 	C:\WINNT\system32\ICMP.dll
0x77320000 - 0x77337000 	C:\WINNT\system32\MPRAPI.dll
0x773B0000 - 0x773DF000 	C:\WINNT\system32\ACTIVEDS.DLL
0x77380000 - 0x773A3000 	C:\WINNT\system32\ADSLDPC.DLL
0x77830000 - 0x7783E000 	C:\WINNT\system32\RTUTILS.DLL
0x77880000 - 0x7790E000 	C:\WINNT\system32\SETUPAPI.DLL
0x7C0F0000 - 0x7C154000 	C:\WINNT\system32\USERENV.DLL
0x774E0000 - 0x77514000 	C:\WINNT\system32\RASAPI32.dll
0x774C0000 - 0x774D1000 	C:\WINNT\system32\rasman.dll
0x77530000 - 0x77552000 	C:\WINNT\system32\TAPI32.dll
0x77360000 - 0x77379000 	C:\WINNT\system32\DHCPCSVC.DLL
0x06F10000 - 0x0700E000 	C:\ARC\MQXTools\tadsc.dll
0x07020000 - 0x0703B000 	C:\ARC\MetaWare\hcarm\bin\mwprof.dll
0x11010000 - 0x1102B000 	C:\ARC\MetaWare\hcarm\bin\ocd.dll
0x12030000 - 0x1204F000 	C:\ARC\MetaWare\hcarm\bin\jtag_wig.dll
0x12150000 - 0x12172000 	C:\ARC\java\j2re1.4.2_03i\bin\dcpr.dll
0x121A0000 - 0x12276000 	C:\WINNT\system32\mqxutil.dll
0x77920000 - 0x77943000 	C:\WINNT\system32\imagehlp.dll
0x72A00000 - 0x72A2D000 	C:\WINNT\system32\DBGHELP.dll
0x690A0000 - 0x690AB000 	C:\WINNT\system32\PSAPI.DLL

Heap at VM Abort:
Heap
 def new generation   total 4096K, used 3304K [0x08140000, 0x085b0000, 0x085b0000)
  eden space 3648K,  81% used [0x08140000, 0x08426e88, 0x084d0000)
  from space 448K,  74% used [0x084d0000, 0x08523498, 0x08540000)
  to   space 448K,   0% used [0x08540000, 0x08540000, 0x085b0000)
 tenured generation   total 54848K, used 45814K [0x085b0000, 0x0bb40000, 0x0bb40000)
   the space 54848K,  83% used [0x085b0000, 0x0b26da20, 0x0b26dc00, 0x0bb40000)
 compacting perm gen  total 9472K, used 9402K [0x0bb40000, 0x0c480000, 0x0fb40000)
   the space 9472K,  99% used [0x0bb40000, 0x0c46e830, 0x0c46ea00, 0x0c480000)

Local Time = Tue Apr 29 14:00:32 2008
Elapsed Time = 488
#
# The exception above was detected in native code outside the VM
#
# Java VM: Java HotSpot(TM) Client VM (1.4.2_03-b02 mixed mode)
#
